# JRE version: OpenJDK Runtime Environment (8.0_402-b06) (build 1.8.0_402-b06)
# Java VM: OpenJDK 64-Bit Server VM (25.402-b06 mixed mode windows-amd64 compressed oops)
Heap:
 PSYoungGen      total 212480K, used 12780K [0x0000000740c00000, 0x000000074eb00000, 0x00000007c0000000)
  eden space 196608K, 6% used [0x0000000740c00000,0x000000074187b280,0x000000074cc00000)
  from space 15872K, 0% used [0x000000074db80000,0x000000074db80000,0x000000074eb00000)
  to   space 15872K, 0% used [0x000000074cc00000,0x000000074cc00000,0x000000074db80000)
 ParOldGen       total 186880K, used 20699K [0x0000000642400000, 0x000000064da80000, 0x0000000740c00000)
  object space 186880K, 11% used [0x0000000642400000,0x0000000643836ed0,0x000000064da80000)
 Metaspace       used 21723K, capacity 21960K, committed 22144K, reserved 1069056K
  class space    used 2749K, capacity 2854K, committed 2944K, reserved 1048576K
GC Heap History (6 events):
Event: 0.957 GC heap before
{Heap before GC invocations=1 (full 0):
 PSYoungGen      total 114176K, used 98304K [0x0000000740c00000, 0x0000000748b00000, 0x00000007c0000000)
  eden space 98304K, 100% used [0x0000000740c00000,0x0000000746c00000,0x0000000746c00000)
  from space 15872K, 0% used [0x0000000747b80000,0x0000000747b80000,0x0000000748b00000)
  to   space 15872K, 0% used [0x0000000746c00000,0x0000000746c00000,0x0000000747b80000)
 ParOldGen       total 261120K, used 0K [0x0000000642400000, 0x0000000652300000, 0x0000000740c00000)
  object space 261120K, 0% used [0x0000000642400000,0x0000000642400000,0x0000000652300000)
 Metaspace       used 13514K, capacity 13724K, committed 14080K, reserved 1060864K
  class space    used 1671K, capacity 1738K, committed 1792K, reserved 1048576K
Event: 0.968 GC heap after
Heap after GC invocations=1 (full 0):
 PSYoungGen      total 114176K, used 15852K [0x0000000740c00000, 0x000000074eb00000, 0x00000007c0000000)
  eden space 98304K, 0% used [0x0000000740c00000,0x0000000740c00000,0x0000000746c00000)
  from space 15872K, 99% used [0x0000000746c00000,0x0000000747b7b3f8,0x0000000747b80000)
  to   space 15872K, 0% used [0x000000074db80000,0x000000074db80000,0x000000074eb00000)
 ParOldGen       total 261120K, used 2407K [0x0000000642400000, 0x0000000652300000, 0x0000000740c00000)
  object space 261120K, 0% used [0x0000000642400000,0x0000000642659d30,0x0000000652300000)
 Metaspace       used 13514K, capacity 13724K, committed 14080K, reserved 1060864K
  class space    used 1671K, capacity 1738K, committed 1792K, reserved 1048576K
}
Event: 2.006 GC heap before
{Heap before GC invocations=2 (full 0):
 PSYoungGen      total 114176K, used 94882K [0x0000000740c00000, 0x000000074eb00000, 0x00000007c0000000)
  eden space 98304K, 80% used [0x0000000740c00000,0x000000074592d438,0x0000000746c00000)
  from space 15872K, 99% used [0x0000000746c00000,0x0000000747b7b3f8,0x0000000747b80000)
  to   space 15872K, 0% used [0x000000074db80000,0x000000074db80000,0x000000074eb00000)
 ParOldGen       total 261120K, used 2407K [0x0000000642400000, 0x0000000652300000, 0x0000000740c00000)
  object space 261120K, 0% used [0x0000000642400000,0x0000000642659d30,0x0000000652300000)
 Metaspace       used 20857K, capacity 21064K, committed 21248K, reserved 1067008K
  class space    used 2647K, capacity 2726K, committed 2816K, reserved 1048576K
Event: 2.024 GC heap after
Heap after GC invocations=2 (full 0):
 PSYoungGen      total 212480K, used 15855K [0x0000000740c00000, 0x000000074eb00000, 0x00000007c0000000)
  eden space 196608K, 0% used [0x0000000740c00000,0x0000000740c00000,0x000000074cc00000)
  from space 15872K, 99% used [0x000000074db80000,0x000000074eafbee8,0x000000074eb00000)
  to   space 15872K, 0% used [0x000000074cc00000,0x000000074cc00000,0x000000074db80000)
 ParOldGen       total 261120K, used 7686K [0x0000000642400000, 0x0000000652300000, 0x0000000740c00000)
  object space 261120K, 2% used [0x0000000642400000,0x0000000642b81ae8,0x0000000652300000)
 Metaspace       used 20857K, capacity 21064K, committed 21248K, reserved 1067008K
  class space    used 2647K, capacity 2726K, committed 2816K, reserved 1048576K
}
Event: 2.024 GC heap before
{Heap before GC invocations=3 (full 1):
 PSYoungGen      total 212480K, used 15855K [0x0000000740c00000, 0x000000074eb00000, 0x00000007c0000000)
  eden space 196608K, 0% used [0x0000000740c00000,0x0000000740c00000,0x000000074cc00000)
  from space 15872K, 99% used [0x000000074db80000,0x000000074eafbee8,0x000000074eb00000)
  to   space 15872K, 0% used [0x000000074cc00000,0x000000074cc00000,0x000000074db80000)
 ParOldGen       total 261120K, used 7686K [0x0000000642400000, 0x0000000652300000, 0x0000000740c00000)
  object space 261120K, 2% used [0x0000000642400000,0x0000000642b81ae8,0x0000000652300000)
 Metaspace       used 20857K, capacity 21064K, committed 21248K, reserved 1067008K
  class space    used 2647K, capacity 2726K, committed 2816K, reserved 1048576K
Event: 2.073 GC heap after
Heap after GC invocations=3 (full 1):
 PSYoungGen      total 212480K, used 0K [0x0000000740c00000, 0x000000074eb00000, 0x00000007c0000000)
  eden space 196608K, 0% used [0x0000000740c00000,0x0000000740c00000,0x000000074cc00000)
  from space 15872K, 0% used [0x000000074db80000,0x000000074db80000,0x000000074eb00000)
  to   space 15872K, 0% used [0x000000074cc00000,0x000000074cc00000,0x000000074db80000)
 ParOldGen       total 186880K, used 20699K [0x0000000642400000, 0x000000064da80000, 0x0000000740c00000)
  object space 186880K, 11% used [0x0000000642400000,0x0000000643836ed0,0x000000064da80000)
 Metaspace       used 20857K, capacity 21064K, committed 21248K, reserved 1067008K
  class space    used 2647K, capacity 2726K, committed 2816K, reserved 1048576K
}

